\BOOKMARK [1][-]{section.1}{Verwendung von Deuersprech}{}% 1
\BOOKMARK [2][-]{subsection.1.1}{Datentypen}{section.1}% 2
\BOOKMARK [3][-]{subsubsection.1.1.1}{ganzzahl}{subsection.1.1}% 3
\BOOKMARK [3][-]{subsubsection.1.1.2}{kettte}{subsection.1.1}% 4
\BOOKMARK [2][-]{subsection.1.2}{Bezeichner}{section.1}% 5
\BOOKMARK [2][-]{subsection.1.3}{Literale}{section.1}% 6
\BOOKMARK [3][-]{subsubsection.1.3.1}{ganzzahl-Literale}{subsection.1.3}% 7
\BOOKMARK [3][-]{subsubsection.1.3.2}{kette-Literale}{subsection.1.3}% 8
\BOOKMARK [2][-]{subsection.1.4}{Besondere Formatierungszeichen}{section.1}% 9
\BOOKMARK [2][-]{subsection.1.5}{Aussagen}{section.1}% 10
\BOOKMARK [2][-]{subsection.1.6}{Variablen}{section.1}% 11
\BOOKMARK [3][-]{subsubsection.1.6.1}{Deklaration}{subsection.1.6}% 12
\BOOKMARK [3][-]{subsubsection.1.6.2}{Definition}{subsection.1.6}% 13
\BOOKMARK [3][-]{subsubsection.1.6.3}{Aufruf}{subsection.1.6}% 14
\BOOKMARK [2][-]{subsection.1.7}{Konstanten}{section.1}% 15
\BOOKMARK [3][-]{subsubsection.1.7.1}{Deklaration}{subsection.1.7}% 16
\BOOKMARK [3][-]{subsubsection.1.7.2}{Definition}{subsection.1.7}% 17
\BOOKMARK [3][-]{subsubsection.1.7.3}{Ergebnisausgabe}{subsection.1.7}% 18
\BOOKMARK [2][-]{subsection.1.8}{Funktionen}{section.1}% 19
\BOOKMARK [3][-]{subsubsection.1.8.1}{Deklaration}{subsection.1.8}% 20
\BOOKMARK [3][-]{subsubsection.1.8.2}{Aufruf}{subsection.1.8}% 21
\BOOKMARK [3][-]{subsubsection.1.8.3}{G\374ltigkeitsbereiche}{subsection.1.8}% 22
\BOOKMARK [3][-]{subsubsection.1.8.4}{\334berladen}{subsection.1.8}% 23
\BOOKMARK [2][-]{subsection.1.9}{Arithmetik}{section.1}% 24
\BOOKMARK [3][-]{subsubsection.1.9.1}{Operationen}{subsection.1.9}% 25
\BOOKMARK [3][-]{subsubsection.1.9.2}{Operanden}{subsection.1.9}% 26
\BOOKMARK [3][-]{subsubsection.1.9.3}{Klammerung}{subsection.1.9}% 27
\BOOKMARK [2][-]{subsection.1.10}{Aussagenlogik}{section.1}% 28
\BOOKMARK [2][-]{subsection.1.11}{Bedingte Verzweigungen}{section.1}% 29
\BOOKMARK [2][-]{subsection.1.12}{Schleifen}{section.1}% 30
\BOOKMARK [2][-]{subsection.1.13}{Reservierte Schl\374sselw\366rter und Symbole}{section.1}% 31
\BOOKMARK [1][-]{section.2}{Aufruf des Deuersprech-Kompilierers}{}% 32
